d:\workspace\myitksnap\myitksnap\x64\debug\myitksnap.pch
d:\workspace\myitksnap\myitksnap\x64\debug\vc142.pdb
d:\workspace\myitksnap\myitksnap\x64\debug\stdafx.obj
d:\workspace\myitksnap\myitksnap\x64\debug\moc_myitksnap.obj
d:\workspace\myitksnap\myitksnap\x64\debug\qrc_myitksnap.obj
d:\workspace\myitksnap\myitksnap\x64\debug\test.obj
d:\workspace\myitksnap\x64\debug\myitksnap.exe
d:\workspace\myitksnap\x64\debug\myitksnap.ilk
d:\workspace\myitksnap\x64\debug\myitksnap.pdb
d:\workspace\myitksnap\myitksnap\x64\debug\moc\moc_myitksnap.cpp
d:\workspace\myitksnap\myitksnap\x64\debug\uic\ui_myitksnap.h
d:\workspace\myitksnap\myitksnap\x64\debug\rcc\qrc_myitksnap.cpp
d:\workspace\myitksnap\myitksnap\x64\debug\main.obj
d:\workspace\myitksnap\myitksnap\x64\debug\myitksnap.obj
d:\workspace\myitksnap\myitksnap\x64\debug\myitksnap.tlog\cl.command.1.tlog
d:\workspace\myitksnap\myitksnap\x64\debug\myitksnap.tlog\cl.read.1.tlog
d:\workspace\myitksnap\myitksnap\x64\debug\myitksnap.tlog\cl.write.1.tlog
d:\workspace\myitksnap\myitksnap\x64\debug\myitksnap.tlog\link.command.1.tlog
d:\workspace\myitksnap\myitksnap\x64\debug\myitksnap.tlog\link.read.1.tlog
d:\workspace\myitksnap\myitksnap\x64\debug\myitksnap.tlog\link.write.1.tlog
d:\workspace\myitksnap\myitksnap\x64\debug\myitksnap.tlog\moc.read.1u.tlog
d:\workspace\myitksnap\myitksnap\x64\debug\myitksnap.tlog\moc.write.1u.tlog
d:\workspace\myitksnap\myitksnap\x64\debug\myitksnap.tlog\myitksnap.write.1u.tlog
d:\workspace\myitksnap\myitksnap\x64\debug\myitksnap.tlog\rcc.read.1u.tlog
d:\workspace\myitksnap\myitksnap\x64\debug\myitksnap.tlog\rcc.write.1u.tlog
d:\workspace\myitksnap\myitksnap\x64\debug\myitksnap.tlog\uic.read.1u.tlog
d:\workspace\myitksnap\myitksnap\x64\debug\myitksnap.tlog\uic.write.1u.tlog
